0 info it worked if it ends with ok
1 verbose cli [ 'D:\\nodejs\\node.exe',
1 verbose cli   'D:\\nodejs\\node_modules\\npm\\bin\\npm-cli.js',
1 verbose cli   'install',
1 verbose cli   'bcrypt',
1 verbose cli   '-g' ]
2 info using npm@2.15.9
3 info using node@v4.6.0
4 verbose install initial load of C:\Users\TRUNG\AppData\Roaming\npm\package.json
5 verbose readDependencies loading dependencies from C:\Users\TRUNG\AppData\Roaming\npm\package.json
6 silly cache add args [ 'bcrypt', null ]
7 verbose cache add spec bcrypt
8 silly cache add parsed spec Result {
8 silly cache add   raw: 'bcrypt',
8 silly cache add   scope: null,
8 silly cache add   name: 'bcrypt',
8 silly cache add   rawSpec: '',
8 silly cache add   spec: 'latest',
8 silly cache add   type: 'tag' }
9 silly addNamed bcrypt@latest
10 verbose addNamed "latest" is being treated as a dist-tag for bcrypt
11 info addNameTag [ 'bcrypt', 'latest' ]
12 silly mapToRegistry name bcrypt
13 silly mapToRegistry using default registry
14 silly mapToRegistry registry https://registry.npmjs.org/
15 silly mapToRegistry data Result {
15 silly mapToRegistry   raw: 'bcrypt',
15 silly mapToRegistry   scope: null,
15 silly mapToRegistry   name: 'bcrypt',
15 silly mapToRegistry   rawSpec: '',
15 silly mapToRegistry   spec: 'latest',
15 silly mapToRegistry   type: 'tag' }
16 silly mapToRegistry uri https://registry.npmjs.org/bcrypt
17 verbose addNameTag registry:https://registry.npmjs.org/bcrypt not in flight; fetching
18 verbose get https://registry.npmjs.org/bcrypt not expired, no request
19 silly addNameTag next cb for bcrypt with tag latest
20 silly addNamed bcrypt@0.8.7
21 verbose addNamed "0.8.7" is a plain semver version for bcrypt
22 silly cache afterAdd bcrypt@0.8.7
23 verbose afterAdd C:\Users\TRUNG\AppData\Roaming\npm-cache\bcrypt\0.8.7\package\package.json not in flight; writing
24 verbose correctMkdir C:\Users\TRUNG\AppData\Roaming\npm-cache correctMkdir not in flight; initializing
25 verbose afterAdd C:\Users\TRUNG\AppData\Roaming\npm-cache\bcrypt\0.8.7\package\package.json written
26 silly install resolved [ { name: 'bcrypt',
26 silly install resolved     description: 'A bcrypt library for NodeJS.',
26 silly install resolved     keywords:
26 silly install resolved      [ 'bcrypt',
26 silly install resolved        'password',
26 silly install resolved        'auth',
26 silly install resolved        'authentication',
26 silly install resolved        'encryption',
26 silly install resolved        'crypt',
26 silly install resolved        'crypto' ],
26 silly install resolved     main: './bcrypt',
26 silly install resolved     version: '0.8.7',
26 silly install resolved     author: { name: 'Nick Campbell', url: 'https://github.com/ncb000gt' },
26 silly install resolved     engines: { node: '>= 0.6.0' },
26 silly install resolved     repository:
26 silly install resolved      { type: 'git',
26 silly install resolved        url: 'git+https://github.com/ncb000gt/node.bcrypt.js.git' },
26 silly install resolved     license: 'MIT',
26 silly install resolved     bugs: { url: 'https://github.com/ncb000gt/node.bcrypt.js/issues' },
26 silly install resolved     scripts:
26 silly install resolved      { test: 'node-gyp configure build && nodeunit test',
26 silly install resolved        install: 'node-gyp rebuild' },
26 silly install resolved     dependencies: { bindings: '1.2.1', nan: '2.3.5' },
26 silly install resolved     devDependencies: { nodeunit: '~0.9.1' },
26 silly install resolved     contributors:
26 silly install resolved      [ [Object],
26 silly install resolved        [Object],
26 silly install resolved        [Object],
26 silly install resolved        [Object],
26 silly install resolved        [Object],
26 silly install resolved        [Object],
26 silly install resolved        [Object],
26 silly install resolved        [Object],
26 silly install resolved        [Object],
26 silly install resolved        [Object],
26 silly install resolved        [Object],
26 silly install resolved        [Object],
26 silly install resolved        [Object],
26 silly install resolved        [Object] ],
26 silly install resolved     gypfile: true,
26 silly install resolved     gitHead: '0dc9b78dab6980d129b77d1df723aa44daa7deb4',
26 silly install resolved     homepage: 'https://github.com/ncb000gt/node.bcrypt.js#readme',
26 silly install resolved     _id: 'bcrypt@0.8.7',
26 silly install resolved     _shasum: 'bc3875a9afd0a7b2cd231a6a7f218a5ce156b093',
26 silly install resolved     _from: 'bcrypt@latest',
26 silly install resolved     _npmVersion: '3.8.9',
26 silly install resolved     _nodeVersion: '6.2.0',
26 silly install resolved     _npmUser: { name: 'defunctzombie', email: 'shtylman@gmail.com' },
26 silly install resolved     dist:
26 silly install resolved      { shasum: 'bc3875a9afd0a7b2cd231a6a7f218a5ce156b093',
26 silly install resolved        tarball: 'https://registry.npmjs.org/bcrypt/-/bcrypt-0.8.7.tgz' },
26 silly install resolved     maintainers: [ [Object], [Object], [Object], [Object] ],
26 silly install resolved     _npmOperationalInternal:
26 silly install resolved      { host: 'packages-12-west.internal.npmjs.com',
26 silly install resolved        tmp: 'tmp/bcrypt-0.8.7.tgz_1465526713712_0.05265477881766856' },
26 silly install resolved     directories: {},
26 silly install resolved     _resolved: 'https://registry.npmjs.org/bcrypt/-/bcrypt-0.8.7.tgz',
26 silly install resolved     readme: 'ERROR: No README data found!' } ]
27 info install bcrypt@0.8.7 into C:\Users\TRUNG\AppData\Roaming\npm
28 info installOne bcrypt@0.8.7
29 verbose installOne of bcrypt to C:\Users\TRUNG\AppData\Roaming\npm not in flight; installing
30 verbose correctMkdir C:\Users\TRUNG\AppData\Roaming\npm-cache\_locks correctMkdir not in flight; initializing
31 verbose lock using C:\Users\TRUNG\AppData\Roaming\npm-cache\_locks\bcrypt-ca54abcd11873bc5.lock for C:\Users\TRUNG\AppData\Roaming\npm\node_modules\bcrypt
32 silly install write writing bcrypt 0.8.7 to C:\Users\TRUNG\AppData\Roaming\npm\node_modules\bcrypt
33 verbose unbuild node_modules\bcrypt
34 silly gentlyRm C:\Users\TRUNG\AppData\Roaming\npm\node_modules\bcrypt is being purged from base C:\Users\TRUNG\AppData\Roaming\npm
35 verbose gentlyRm don't care about contents; nuking C:\Users\TRUNG\AppData\Roaming\npm\node_modules\bcrypt
36 verbose tar unpack C:\Users\TRUNG\AppData\Roaming\npm-cache\bcrypt\0.8.7\package.tgz
37 verbose tar unpacking to C:\Users\TRUNG\AppData\Roaming\npm\node_modules\bcrypt
38 silly gentlyRm C:\Users\TRUNG\AppData\Roaming\npm\node_modules\bcrypt is being purged
39 verbose gentlyRm don't care about contents; nuking C:\Users\TRUNG\AppData\Roaming\npm\node_modules\bcrypt
40 silly gunzTarPerm modes [ '777', '666' ]
41 silly gunzTarPerm extractEntry package.json
42 silly gunzTarPerm modified mode [ 'package.json', 420, 438 ]
43 silly gunzTarPerm extractEntry .npmignore
44 silly gunzTarPerm modified mode [ '.npmignore', 420, 438 ]
45 silly gunzTarPerm extractEntry README.md
46 silly gunzTarPerm modified mode [ 'README.md', 420, 438 ]
47 silly gunzTarPerm extractEntry LICENSE
48 silly gunzTarPerm modified mode [ 'LICENSE', 420, 438 ]
49 silly gunzTarPerm extractEntry bcrypt.js
50 silly gunzTarPerm modified mode [ 'bcrypt.js', 420, 438 ]
51 silly gunzTarPerm extractEntry Makefile
52 silly gunzTarPerm modified mode [ 'Makefile', 420, 438 ]
53 silly gunzTarPerm extractEntry .travis.yml
54 silly gunzTarPerm modified mode [ '.travis.yml', 420, 438 ]
55 silly gunzTarPerm extractEntry CHANGELOG.md
56 silly gunzTarPerm modified mode [ 'CHANGELOG.md', 420, 438 ]
57 silly gunzTarPerm extractEntry binding.gyp
58 silly gunzTarPerm modified mode [ 'binding.gyp', 420, 438 ]
59 silly gunzTarPerm extractEntry examples/async_compare.js
60 silly gunzTarPerm modified mode [ 'examples/async_compare.js', 420, 438 ]
61 silly gunzTarPerm extractEntry examples/forever_gen_salt.js
62 silly gunzTarPerm modified mode [ 'examples/forever_gen_salt.js', 420, 438 ]
63 silly gunzTarPerm extractEntry test/async.js
64 silly gunzTarPerm modified mode [ 'test/async.js', 420, 438 ]
65 silly gunzTarPerm extractEntry test/repetitions.js
66 silly gunzTarPerm modified mode [ 'test/repetitions.js', 420, 438 ]
67 silly gunzTarPerm extractEntry test/sync.js
68 silly gunzTarPerm modified mode [ 'test/sync.js', 420, 438 ]
69 silly gunzTarPerm extractEntry ISSUE_TEMPLATE.md
70 silly gunzTarPerm modified mode [ 'ISSUE_TEMPLATE.md', 420, 438 ]
71 silly gunzTarPerm extractEntry src/bcrypt.cc
72 silly gunzTarPerm modified mode [ 'src/bcrypt.cc', 420, 438 ]
73 silly gunzTarPerm extractEntry src/bcrypt_node.cc
74 silly gunzTarPerm modified mode [ 'src/bcrypt_node.cc', 420, 438 ]
75 silly gunzTarPerm extractEntry src/blowfish.cc
76 silly gunzTarPerm modified mode [ 'src/blowfish.cc', 420, 438 ]
77 silly gunzTarPerm extractEntry src/node_blf.h
78 silly gunzTarPerm modified mode [ 'src/node_blf.h', 420, 438 ]
79 silly gunzTarPerm extractEntry werker.yml
80 silly gunzTarPerm modified mode [ 'werker.yml', 420, 438 ]
81 verbose write writing to C:\Users\TRUNG\AppData\Roaming\npm\node_modules\bcrypt\package.json
82 info preinstall bcrypt@0.8.7
83 verbose readDependencies loading dependencies from C:\Users\TRUNG\AppData\Roaming\npm\node_modules\bcrypt\package.json
84 silly prepareForInstallMany adding bindings@1.2.1 from bcrypt dependencies
85 silly prepareForInstallMany adding nan@2.3.5 from bcrypt dependencies
86 verbose readDependencies loading dependencies from C:\Users\TRUNG\AppData\Roaming\npm\node_modules\bcrypt\package.json
87 silly cache add args [ 'bindings@1.2.1', null ]
88 verbose cache add spec bindings@1.2.1
89 silly cache add args [ 'nan@2.3.5', null ]
90 verbose cache add spec nan@2.3.5
91 silly cache add parsed spec Result {
91 silly cache add   raw: 'bindings@1.2.1',
91 silly cache add   scope: null,
91 silly cache add   name: 'bindings',
91 silly cache add   rawSpec: '1.2.1',
91 silly cache add   spec: '1.2.1',
91 silly cache add   type: 'version' }
92 silly addNamed bindings@1.2.1
93 verbose addNamed "1.2.1" is a plain semver version for bindings
94 silly mapToRegistry name bindings
95 silly mapToRegistry using default registry
96 silly mapToRegistry registry https://registry.npmjs.org/
97 silly mapToRegistry data Result {
97 silly mapToRegistry   raw: 'bindings',
97 silly mapToRegistry   scope: null,
97 silly mapToRegistry   name: 'bindings',
97 silly mapToRegistry   rawSpec: '',
97 silly mapToRegistry   spec: 'latest',
97 silly mapToRegistry   type: 'tag' }
98 silly mapToRegistry uri https://registry.npmjs.org/bindings
99 verbose addNameVersion registry:https://registry.npmjs.org/bindings not in flight; fetching
100 silly cache add parsed spec Result {
100 silly cache add   raw: 'nan@2.3.5',
100 silly cache add   scope: null,
100 silly cache add   name: 'nan',
100 silly cache add   rawSpec: '2.3.5',
100 silly cache add   spec: '2.3.5',
100 silly cache add   type: 'version' }
101 silly addNamed nan@2.3.5
102 verbose addNamed "2.3.5" is a plain semver version for nan
103 silly mapToRegistry name nan
104 silly mapToRegistry using default registry
105 silly mapToRegistry registry https://registry.npmjs.org/
106 silly mapToRegistry data Result {
106 silly mapToRegistry   raw: 'nan',
106 silly mapToRegistry   scope: null,
106 silly mapToRegistry   name: 'nan',
106 silly mapToRegistry   rawSpec: '',
106 silly mapToRegistry   spec: 'latest',
106 silly mapToRegistry   type: 'tag' }
107 silly mapToRegistry uri https://registry.npmjs.org/nan
108 verbose addNameVersion registry:https://registry.npmjs.org/nan not in flight; fetching
109 verbose get https://registry.npmjs.org/bindings not expired, no request
110 verbose get https://registry.npmjs.org/nan not expired, no request
111 silly cache afterAdd bindings@1.2.1
112 verbose afterAdd C:\Users\TRUNG\AppData\Roaming\npm-cache\bindings\1.2.1\package\package.json not in flight; writing
113 verbose correctMkdir C:\Users\TRUNG\AppData\Roaming\npm-cache correctMkdir not in flight; initializing
114 silly cache afterAdd nan@2.3.5
115 verbose afterAdd C:\Users\TRUNG\AppData\Roaming\npm-cache\nan\2.3.5\package\package.json not in flight; writing
116 verbose correctMkdir C:\Users\TRUNG\AppData\Roaming\npm-cache correctMkdir not in flight; initializing
117 verbose afterAdd C:\Users\TRUNG\AppData\Roaming\npm-cache\bindings\1.2.1\package\package.json written
118 verbose afterAdd C:\Users\TRUNG\AppData\Roaming\npm-cache\nan\2.3.5\package\package.json written
119 silly install resolved [ { name: 'bindings',
119 silly install resolved     description: 'Helper module for loading your native module\'s .node file',
119 silly install resolved     keywords: [ 'native', 'addon', 'bindings', 'gyp', 'waf', 'c', 'c++' ],
119 silly install resolved     version: '1.2.1',
119 silly install resolved     author:
119 silly install resolved      { name: 'Nathan Rajlich',
119 silly install resolved        email: 'nathan@tootallnate.net',
119 silly install resolved        url: 'http://tootallnate.net' },
119 silly install resolved     repository:
119 silly install resolved      { type: 'git',
119 silly install resolved        url: 'git://github.com/TooTallNate/node-bindings.git' },
119 silly install resolved     main: './bindings.js',
119 silly install resolved     bugs: { url: 'https://github.com/TooTallNate/node-bindings/issues' },
119 silly install resolved     homepage: 'https://github.com/TooTallNate/node-bindings',
119 silly install resolved     license: 'MIT',
119 silly install resolved     gitHead: 'e404152ee27f8478ccbc7122ee051246e8e5ec02',
119 silly install resolved     _id: 'bindings@1.2.1',
119 silly install resolved     scripts: {},
119 silly install resolved     _shasum: '14ad6113812d2d37d72e67b4cacb4bb726505f11',
119 silly install resolved     _from: 'bindings@1.2.1',
119 silly install resolved     _npmVersion: '1.4.14',
119 silly install resolved     _npmUser: { name: 'tootallnate', email: 'nathan@tootallnate.net' },
119 silly install resolved     maintainers: [ [Object], [Object] ],
119 silly install resolved     dist:
119 silly install resolved      { shasum: '14ad6113812d2d37d72e67b4cacb4bb726505f11',
119 silly install resolved        tarball: 'https://registry.npmjs.org/bindings/-/bindings-1.2.1.tgz' },
119 silly install resolved     directories: {},
119 silly install resolved     _resolved: 'https://registry.npmjs.org/bindings/-/bindings-1.2.1.tgz',
119 silly install resolved     readme: 'ERROR: No README data found!' },
119 silly install resolved   { name: 'nan',
119 silly install resolved     version: '2.3.5',
119 silly install resolved     description: 'Native Abstractions for Node.js: C++ header for Node 0.8 -> 6 compatibility',
119 silly install resolved     main: 'include_dirs.js',
119 silly install resolved     repository: { type: 'git', url: 'git://github.com/nodejs/nan.git' },
119 silly install resolved     scripts:
119 silly install resolved      { test: 'tap --gc --stderr test/js/*-test.js',
119 silly install resolved        'rebuild-tests': 'node-gyp rebuild --msvs_version=2013 --directory test',
119 silly install resolved        docs: 'doc/.build.sh' },
119 silly install resolved     contributors:
119 silly install resolved      [ [Object],
119 silly install resolved        [Object],
119 silly install resolved        [Object],
119 silly install resolved        [Object],
119 silly install resolved        [Object],
119 silly install resolved        [Object],
119 silly install resolved        [Object] ],
119 silly install resolved     devDependencies:
119 silly install resolved      { bindings: '~1.2.1',
119 silly install resolved        commander: '^2.8.1',
119 silly install resolved        glob: '^5.0.14',
119 silly install resolved        'node-gyp': '~3.0.1',
119 silly install resolved        tap: '~0.7.1',
119 silly install resolved        xtend: '~4.0.0' },
119 silly install resolved     license: 'MIT',
119 silly install resolved     bugs: { url: 'https://github.com/nodejs/nan/issues' },
119 silly install resolved     homepage: 'https://github.com/nodejs/nan#readme',
119 silly install resolved     _id: 'nan@2.3.5',
119 silly install resolved     _shasum: '822a0dc266290ce4cd3a12282ca3e7e364668a08',
119 silly install resolved     _resolved: 'https://registry.npmjs.org/nan/-/nan-2.3.5.tgz',
119 silly install resolved     _from: 'nan@2.3.5',
119 silly install resolved     _npmVersion: '3.3.6',
119 silly install resolved     _nodeVersion: '5.0.0',
119 silly install resolved     _npmUser: { name: 'kkoopa', email: 'bbyholm@abo.fi' },
119 silly install resolved     dist:
119 silly install resolved      { shasum: '822a0dc266290ce4cd3a12282ca3e7e364668a08',
119 silly install resolved        tarball: 'https://registry.npmjs.org/nan/-/nan-2.3.5.tgz' },
119 silly install resolved     maintainers: [ [Object], [Object] ],
119 silly install resolved     _npmOperationalInternal:
119 silly install resolved      { host: 'packages-12-west.internal.npmjs.com',
119 silly install resolved        tmp: 'tmp/nan-2.3.5.tgz_1464707164994_0.4295874561648816' },
119 silly install resolved     directories: {},
119 silly install resolved     readme: 'ERROR: No README data found!' } ]
120 info install bindings@1.2.1 into C:\Users\TRUNG\AppData\Roaming\npm\node_modules\bcrypt
121 info install nan@2.3.5 into C:\Users\TRUNG\AppData\Roaming\npm\node_modules\bcrypt
122 info installOne bindings@1.2.1
123 verbose installOne of bindings to C:\Users\TRUNG\AppData\Roaming\npm\node_modules\bcrypt not in flight; installing
124 verbose correctMkdir C:\Users\TRUNG\AppData\Roaming\npm-cache\_locks correctMkdir not in flight; initializing
125 info installOne nan@2.3.5
126 verbose installOne of nan to C:\Users\TRUNG\AppData\Roaming\npm\node_modules\bcrypt not in flight; installing
127 verbose correctMkdir C:\Users\TRUNG\AppData\Roaming\npm-cache\_locks correctMkdir not in flight; initializing
128 verbose lock using C:\Users\TRUNG\AppData\Roaming\npm-cache\_locks\bindings-9eb94a5e69d41ee5.lock for C:\Users\TRUNG\AppData\Roaming\npm\node_modules\bcrypt\node_modules\bindings
129 verbose lock using C:\Users\TRUNG\AppData\Roaming\npm-cache\_locks\nan-d72dcceb3c5f7209.lock for C:\Users\TRUNG\AppData\Roaming\npm\node_modules\bcrypt\node_modules\nan
130 silly install write writing bindings 1.2.1 to C:\Users\TRUNG\AppData\Roaming\npm\node_modules\bcrypt\node_modules\bindings
131 silly install write writing nan 2.3.5 to C:\Users\TRUNG\AppData\Roaming\npm\node_modules\bcrypt\node_modules\nan
132 verbose unbuild node_modules\bcrypt\node_modules\nan
133 verbose unbuild node_modules\bcrypt\node_modules\bindings
134 silly gentlyRm C:\Users\TRUNG\AppData\Roaming\npm\node_modules\bcrypt\node_modules\nan is being purged from base C:\Users\TRUNG\AppData\Roaming\npm
135 verbose gentlyRm don't care about contents; nuking C:\Users\TRUNG\AppData\Roaming\npm\node_modules\bcrypt\node_modules\nan
136 silly gentlyRm C:\Users\TRUNG\AppData\Roaming\npm\node_modules\bcrypt\node_modules\bindings is being purged from base C:\Users\TRUNG\AppData\Roaming\npm
137 verbose gentlyRm don't care about contents; nuking C:\Users\TRUNG\AppData\Roaming\npm\node_modules\bcrypt\node_modules\bindings
138 verbose tar unpack C:\Users\TRUNG\AppData\Roaming\npm-cache\nan\2.3.5\package.tgz
139 verbose tar unpacking to C:\Users\TRUNG\AppData\Roaming\npm\node_modules\bcrypt\node_modules\nan
140 silly gentlyRm C:\Users\TRUNG\AppData\Roaming\npm\node_modules\bcrypt\node_modules\nan is being purged
141 verbose gentlyRm don't care about contents; nuking C:\Users\TRUNG\AppData\Roaming\npm\node_modules\bcrypt\node_modules\nan
142 verbose tar unpack C:\Users\TRUNG\AppData\Roaming\npm-cache\bindings\1.2.1\package.tgz
143 verbose tar unpacking to C:\Users\TRUNG\AppData\Roaming\npm\node_modules\bcrypt\node_modules\bindings
144 silly gentlyRm C:\Users\TRUNG\AppData\Roaming\npm\node_modules\bcrypt\node_modules\bindings is being purged
145 verbose gentlyRm don't care about contents; nuking C:\Users\TRUNG\AppData\Roaming\npm\node_modules\bcrypt\node_modules\bindings
146 silly gunzTarPerm modes [ '777', '666' ]
147 silly gunzTarPerm modes [ '777', '666' ]
148 silly gunzTarPerm extractEntry package.json
149 silly gunzTarPerm modified mode [ 'package.json', 436, 438 ]
150 silly gunzTarPerm extractEntry package.json
151 silly gunzTarPerm modified mode [ 'package.json', 420, 438 ]
152 silly gunzTarPerm extractEntry README.md
153 silly gunzTarPerm modified mode [ 'README.md', 436, 438 ]
154 silly gunzTarPerm extractEntry include_dirs.js
155 silly gunzTarPerm modified mode [ 'include_dirs.js', 436, 438 ]
156 silly gunzTarPerm extractEntry README.md
157 silly gunzTarPerm modified mode [ 'README.md', 420, 438 ]
158 silly gunzTarPerm extractEntry bindings.js
159 silly gunzTarPerm modified mode [ 'bindings.js', 420, 438 ]
160 silly gunzTarPerm extractEntry nan_converters.h
161 silly gunzTarPerm modified mode [ 'nan_converters.h', 436, 438 ]
162 silly gunzTarPerm extractEntry LICENSE.md
163 silly gunzTarPerm modified mode [ 'LICENSE.md', 436, 438 ]
164 silly gunzTarPerm extractEntry doc/node_misc.md
165 silly gunzTarPerm modified mode [ 'doc/node_misc.md', 436, 438 ]
166 silly gunzTarPerm extractEntry doc/asyncworker.md
167 silly gunzTarPerm modified mode [ 'doc/asyncworker.md', 436, 438 ]
168 silly gunzTarPerm extractEntry doc/callback.md
169 silly gunzTarPerm modified mode [ 'doc/callback.md', 436, 438 ]
170 silly gunzTarPerm extractEntry doc/converters.md
171 silly gunzTarPerm modified mode [ 'doc/converters.md', 436, 438 ]
172 silly gunzTarPerm extractEntry doc/errors.md
173 silly gunzTarPerm modified mode [ 'doc/errors.md', 436, 438 ]
174 silly gunzTarPerm extractEntry doc/maybe_types.md
175 silly gunzTarPerm modified mode [ 'doc/maybe_types.md', 436, 438 ]
176 verbose write writing to C:\Users\TRUNG\AppData\Roaming\npm\node_modules\bcrypt\node_modules\bindings\package.json
177 silly gunzTarPerm extractEntry doc/methods.md
178 silly gunzTarPerm modified mode [ 'doc/methods.md', 436, 438 ]
179 silly gunzTarPerm extractEntry doc/new.md
180 silly gunzTarPerm modified mode [ 'doc/new.md', 436, 438 ]
181 info preinstall bindings@1.2.1
182 verbose readDependencies loading dependencies from C:\Users\TRUNG\AppData\Roaming\npm\node_modules\bcrypt\node_modules\bindings\package.json
183 silly gunzTarPerm extractEntry doc/buffers.md
184 silly gunzTarPerm modified mode [ 'doc/buffers.md', 436, 438 ]
185 silly gunzTarPerm extractEntry doc/object_wrappers.md
186 silly gunzTarPerm modified mode [ 'doc/object_wrappers.md', 436, 438 ]
187 verbose readDependencies loading dependencies from C:\Users\TRUNG\AppData\Roaming\npm\node_modules\bcrypt\node_modules\bindings\package.json
188 silly install resolved []
189 verbose about to build C:\Users\TRUNG\AppData\Roaming\npm\node_modules\bcrypt\node_modules\bindings
190 info build C:\Users\TRUNG\AppData\Roaming\npm\node_modules\bcrypt\node_modules\bindings
191 silly gunzTarPerm extractEntry doc/persistent.md
192 silly gunzTarPerm modified mode [ 'doc/persistent.md', 436, 438 ]
193 silly gunzTarPerm extractEntry doc/scopes.md
194 silly gunzTarPerm modified mode [ 'doc/scopes.md', 436, 438 ]
195 info linkStuff bindings@1.2.1
196 silly linkStuff bindings@1.2.1 has C:\Users\TRUNG\AppData\Roaming\npm\node_modules\bcrypt\node_modules as its parent node_modules
197 silly linkStuff bindings@1.2.1 is part of a global install
198 silly linkStuff bindings@1.2.1 is installed into a global node_modules
199 silly gunzTarPerm extractEntry doc/script.md
200 silly gunzTarPerm modified mode [ 'doc/script.md', 436, 438 ]
201 verbose linkBins bindings@1.2.1
202 verbose linkMans bindings@1.2.1
203 verbose rebuildBundles bindings@1.2.1
204 info install bindings@1.2.1
205 silly gunzTarPerm extractEntry doc/string_bytes.md
206 silly gunzTarPerm modified mode [ 'doc/string_bytes.md', 436, 438 ]
207 silly gunzTarPerm extractEntry doc/v8_internals.md
208 silly gunzTarPerm modified mode [ 'doc/v8_internals.md', 436, 438 ]
209 info postinstall bindings@1.2.1
210 verbose unlock done using C:\Users\TRUNG\AppData\Roaming\npm-cache\_locks\bindings-9eb94a5e69d41ee5.lock for C:\Users\TRUNG\AppData\Roaming\npm\node_modules\bcrypt\node_modules\bindings
211 silly gunzTarPerm extractEntry doc/v8_misc.md
212 silly gunzTarPerm modified mode [ 'doc/v8_misc.md', 436, 438 ]
213 silly gunzTarPerm extractEntry nan.h
214 silly gunzTarPerm modified mode [ 'nan.h', 436, 438 ]
215 silly gunzTarPerm extractEntry nan_callbacks.h
216 silly gunzTarPerm modified mode [ 'nan_callbacks.h', 436, 438 ]
217 silly gunzTarPerm extractEntry nan_callbacks_12_inl.h
218 silly gunzTarPerm modified mode [ 'nan_callbacks_12_inl.h', 436, 438 ]
219 silly gunzTarPerm extractEntry nan_callbacks_pre_12_inl.h
220 silly gunzTarPerm modified mode [ 'nan_callbacks_pre_12_inl.h', 436, 438 ]
221 silly gunzTarPerm extractEntry nan_converters_43_inl.h
222 silly gunzTarPerm modified mode [ 'nan_converters_43_inl.h', 436, 438 ]
223 silly gunzTarPerm extractEntry nan_converters_pre_43_inl.h
224 silly gunzTarPerm modified mode [ 'nan_converters_pre_43_inl.h', 436, 438 ]
225 silly gunzTarPerm extractEntry nan_implementation_12_inl.h
226 silly gunzTarPerm modified mode [ 'nan_implementation_12_inl.h', 436, 438 ]
227 silly gunzTarPerm extractEntry nan_implementation_pre_12_inl.h
228 silly gunzTarPerm modified mode [ 'nan_implementation_pre_12_inl.h', 436, 438 ]
229 silly gunzTarPerm extractEntry nan_maybe_43_inl.h
230 silly gunzTarPerm modified mode [ 'nan_maybe_43_inl.h', 436, 438 ]
231 silly gunzTarPerm extractEntry nan_maybe_pre_43_inl.h
232 silly gunzTarPerm modified mode [ 'nan_maybe_pre_43_inl.h', 436, 438 ]
233 silly gunzTarPerm extractEntry nan_new.h
234 silly gunzTarPerm modified mode [ 'nan_new.h', 436, 438 ]
235 silly gunzTarPerm extractEntry nan_object_wrap.h
236 silly gunzTarPerm modified mode [ 'nan_object_wrap.h', 436, 438 ]
237 silly gunzTarPerm extractEntry nan_persistent_12_inl.h
238 silly gunzTarPerm modified mode [ 'nan_persistent_12_inl.h', 436, 438 ]
239 silly gunzTarPerm extractEntry nan_persistent_pre_12_inl.h
240 silly gunzTarPerm modified mode [ 'nan_persistent_pre_12_inl.h', 436, 438 ]
241 silly gunzTarPerm extractEntry nan_string_bytes.h
242 silly gunzTarPerm modified mode [ 'nan_string_bytes.h', 436, 438 ]
243 silly gunzTarPerm extractEntry nan_typedarray_contents.h
244 silly gunzTarPerm modified mode [ 'nan_typedarray_contents.h', 436, 438 ]
245 silly gunzTarPerm extractEntry nan_weak.h
246 silly gunzTarPerm modified mode [ 'nan_weak.h', 436, 438 ]
247 silly gunzTarPerm extractEntry CHANGELOG.md
248 silly gunzTarPerm modified mode [ 'CHANGELOG.md', 436, 438 ]
249 silly gunzTarPerm extractEntry tools/package.json
250 silly gunzTarPerm modified mode [ 'tools/package.json', 436, 438 ]
251 silly gunzTarPerm extractEntry tools/README.md
252 silly gunzTarPerm modified mode [ 'tools/README.md', 436, 438 ]
253 silly gunzTarPerm extractEntry tools/1to2.js
254 silly gunzTarPerm modified mode [ 'tools/1to2.js', 509, 511 ]
255 verbose write writing to C:\Users\TRUNG\AppData\Roaming\npm\node_modules\bcrypt\node_modules\nan\package.json
256 info preinstall nan@2.3.5
257 verbose readDependencies loading dependencies from C:\Users\TRUNG\AppData\Roaming\npm\node_modules\bcrypt\node_modules\nan\package.json
258 verbose readDependencies loading dependencies from C:\Users\TRUNG\AppData\Roaming\npm\node_modules\bcrypt\node_modules\nan\package.json
259 silly install resolved []
260 verbose about to build C:\Users\TRUNG\AppData\Roaming\npm\node_modules\bcrypt\node_modules\nan
261 info build C:\Users\TRUNG\AppData\Roaming\npm\node_modules\bcrypt\node_modules\nan
262 info linkStuff nan@2.3.5
263 silly linkStuff nan@2.3.5 has C:\Users\TRUNG\AppData\Roaming\npm\node_modules\bcrypt\node_modules as its parent node_modules
264 silly linkStuff nan@2.3.5 is part of a global install
265 silly linkStuff nan@2.3.5 is installed into a global node_modules
266 verbose linkBins nan@2.3.5
267 verbose linkMans nan@2.3.5
268 verbose rebuildBundles nan@2.3.5
269 info install nan@2.3.5
270 info postinstall nan@2.3.5
271 verbose unlock done using C:\Users\TRUNG\AppData\Roaming\npm-cache\_locks\nan-d72dcceb3c5f7209.lock for C:\Users\TRUNG\AppData\Roaming\npm\node_modules\bcrypt\node_modules\nan
272 verbose about to build C:\Users\TRUNG\AppData\Roaming\npm\node_modules\bcrypt
273 info build C:\Users\TRUNG\AppData\Roaming\npm\node_modules\bcrypt
274 info linkStuff bcrypt@0.8.7
275 silly linkStuff bcrypt@0.8.7 has C:\Users\TRUNG\AppData\Roaming\npm\node_modules as its parent node_modules
276 silly linkStuff bcrypt@0.8.7 is part of a global install
277 silly linkStuff bcrypt@0.8.7 is installed into a global node_modules
278 silly linkStuff bcrypt@0.8.7 is installed into the top-level global node_modules
279 verbose linkBins bcrypt@0.8.7
280 verbose linkMans bcrypt@0.8.7
281 verbose rebuildBundles bcrypt@0.8.7
282 verbose rebuildBundles [ 'bindings', 'nan' ]
283 info install bcrypt@0.8.7
284 verbose unsafe-perm in lifecycle true
285 info bcrypt@0.8.7 Failed to exec install script
286 verbose unlock done using C:\Users\TRUNG\AppData\Roaming\npm-cache\_locks\bcrypt-ca54abcd11873bc5.lock for C:\Users\TRUNG\AppData\Roaming\npm\node_modules\bcrypt
287 verbose stack Error: bcrypt@0.8.7 install: `node-gyp rebuild`
287 verbose stack Exit status 1
287 verbose stack     at EventEmitter.<anonymous> (D:\nodejs\node_modules\npm\lib\utils\lifecycle.js:217:16)
287 verbose stack     at emitTwo (events.js:87:13)
287 verbose stack     at EventEmitter.emit (events.js:172:7)
287 verbose stack     at ChildProcess.<anonymous> (D:\nodejs\node_modules\npm\lib\utils\spawn.js:24:14)
287 verbose stack     at emitTwo (events.js:87:13)
287 verbose stack     at ChildProcess.emit (events.js:172:7)
287 verbose stack     at maybeClose (internal/child_process.js:829:16)
287 verbose stack     at Process.ChildProcess._handle.onexit (internal/child_process.js:211:5)
288 verbose pkgid bcrypt@0.8.7
289 verbose cwd D:\xampp\htdocs\nodejs\aqua
290 error Windows_NT 6.1.7601
291 error argv "D:\\nodejs\\node.exe" "D:\\nodejs\\node_modules\\npm\\bin\\npm-cli.js" "install" "bcrypt" "-g"
292 error node v4.6.0
293 error npm  v2.15.9
294 error code ELIFECYCLE
295 error bcrypt@0.8.7 install: `node-gyp rebuild`
295 error Exit status 1
296 error Failed at the bcrypt@0.8.7 install script 'node-gyp rebuild'.
296 error This is most likely a problem with the bcrypt package,
296 error not with npm itself.
296 error Tell the author that this fails on your system:
296 error     node-gyp rebuild
296 error You can get information on how to open an issue for this project with:
296 error     npm bugs bcrypt
296 error Or if that isn't available, you can get their info via:
296 error
296 error     npm owner ls bcrypt
296 error There is likely additional logging output above.
297 verbose exit [ 1, true ]
298 verbose unbuild node_modules\bcrypt
299 info preuninstall bcrypt@0.8.7
300 info uninstall bcrypt@0.8.7
301 verbose unbuild rmStuff bcrypt@0.8.7 from C:\Users\TRUNG\AppData\Roaming\npm\node_modules
302 info postuninstall bcrypt@0.8.7
303 silly gentlyRm C:\Users\TRUNG\AppData\Roaming\npm\node_modules\bcrypt is being purged from base C:\Users\TRUNG\AppData\Roaming\npm
304 verbose gentlyRm don't care about contents; nuking C:\Users\TRUNG\AppData\Roaming\npm\node_modules\bcrypt
305 silly vacuum-fs purging C:\Users\TRUNG\AppData\Roaming\npm\node_modules\bcrypt
306 silly vacuum-fs quitting because other entries in C:\Users\TRUNG\AppData\Roaming\npm\node_modules
